2024/02/16 19:33:14 - mmengine - INFO - 
------------------------------------------------------------
System environment:
    sys.platform: linux
    Python: 3.10.12 (main, Nov 20 2023, 15:14:05) [GCC 11.4.0]
    CUDA available: False
    MUSA available: False
    numpy_random_seed: 87463506
    GCC: x86_64-linux-gnu-gcc (Ubuntu 11.4.0-1ubuntu1~22.04) 11.4.0
    PyTorch: 1.11.0+cu113
    PyTorch compiling details: PyTorch built with:
  - GCC 7.3
  - C++ Version: 201402
  - Intel(R) Math Kernel Library Version 2020.0.0 Product Build 20191122 for Intel(R) 64 architecture applications
  - Intel(R) MKL-DNN v2.5.2 (Git Hash a9302535553c73243c632ad3c4c80beec3d19a1e)
  - OpenMP 201511 (a.k.a. OpenMP 4.5)
  - LAPACK is enabled (usually provided by MKL)
  - NNPACK is enabled
  - CPU capability usage: AVX2
  - Build settings: BLAS_INFO=mkl, BUILD_TYPE=Release, CUDA_VERSION=11.3, CUDNN_VERSION=8.2.0, CXX_COMPILER=/opt/rh/devtoolset-7/root/usr/bin/c++, CXX_FLAGS= -Wno-deprecated -fvisibility-inlines-hidden -DUSE_PTHREADPOOL -fopenmp -DNDEBUG -DUSE_KINETO -DUSE_FBGEMM -DUSE_QNNPACK -DUSE_PYTORCH_QNNPACK -DUSE_XNNPACK -DSYMBOLICATE_MOBILE_DEBUG_HANDLE -DEDGE_PROFILER_USE_KINETO -O2 -fPIC -Wno-narrowing -Wall -Wextra -Werror=return-type -Wno-missing-field-initializers -Wno-type-limits -Wno-array-bounds -Wno-unknown-pragmas -Wno-sign-compare -Wno-unused-parameter -Wno-unused-function -Wno-unused-result -Wno-unused-local-typedefs -Wno-strict-overflow -Wno-strict-aliasing -Wno-error=deprecated-declarations -Wno-stringop-overflow -Wno-psabi -Wno-error=pedantic -Wno-error=redundant-decls -Wno-error=old-style-cast -fdiagnostics-color=always -faligned-new -Wno-unused-but-set-variable -Wno-maybe-uninitialized -fno-math-errno -fno-trapping-math -Werror=format -Wno-stringop-overflow, LAPACK_INFO=mkl, PERF_WITH_AVX=1, PERF_WITH_AVX2=1, PERF_WITH_AVX512=1, TORCH_VERSION=1.11.0, USE_CUDA=ON, USE_CUDNN=ON, USE_EXCEPTION_PTR=1, USE_GFLAGS=OFF, USE_GLOG=OFF, USE_MKL=ON, USE_MKLDNN=OFF, USE_MPI=OFF, USE_NCCL=ON, USE_NNPACK=ON, USE_OPENMP=ON, USE_ROCM=OFF, 

    TorchVision: 0.12.0+cu113
    OpenCV: 4.8.0
    MMEngine: 0.10.3

Runtime environment:
    cudnn_benchmark: False
    mp_cfg: {'mp_start_method': 'fork', 'opencv_num_threads': 0}
    dist_cfg: {'backend': 'nccl'}
    seed: 87463506
    deterministic: False
    Distributed launcher: none
    Distributed training: False
    GPU number: 1
------------------------------------------------------------

2024/02/16 19:33:14 - mmengine - INFO - Config:
auto_scale_lr = dict(base_batch_size=256)
data_preprocessor = dict(
    mean=[
        123.675,
        116.28,
        103.53,
    ],
    num_classes=17,
    std=[
        58.395,
        57.12,
        57.375,
    ],
    to_rgb=True)
dataset_type = 'CustomDataset'
default_hooks = dict(
    checkpoint=dict(interval=1, type='CheckpointHook'),
    logger=dict(interval=100, type='LoggerHook'),
    param_scheduler=dict(type='ParamSchedulerHook'),
    sampler_seed=dict(type='DistSamplerSeedHook'),
    timer=dict(type='IterTimerHook'),
    visualization=dict(enable=False, type='VisualizationHook'))
default_scope = 'mmpretrain'
env_cfg = dict(
    cudnn_benchmark=False,
    dist_cfg=dict(backend='nccl'),
    mp_cfg=dict(mp_start_method='fork', opencv_num_threads=0))
launcher = 'none'
load_from = None
log_level = 'INFO'
model = dict(
    backbone=dict(type='MobileNetV2', widen_factor=1.0),
    head=dict(
        in_channels=1280,
        loss=dict(loss_weight=1.0, type='CrossEntropyLoss'),
        num_classes=17,
        topk=(
            1,
            5,
        ),
        type='LinearClsHead'),
    neck=dict(type='GlobalAveragePooling'),
    type='ImageClassifier')
optim_wrapper = dict(
    optimizer=dict(lr=0.1, momentum=0.9, type='SGD', weight_decay=0.0001))
param_scheduler = dict(
    by_epoch=True, gamma=0.1, milestones=[
        30,
        60,
        90,
    ], type='MultiStepLR')
randomness = dict(deterministic=False, seed=None)
resume = False
test_cfg = dict()
test_dataloader = dict(
    batch_size=32,
    collate_fn=dict(type='default_collate'),
    dataset=dict(
        data_root='/content/drive/MyDrive/Oxford_Flowers/data/val_subfolder',
        pipeline=[
            dict(type='LoadImageFromFile'),
            dict(backend='pillow', edge='short', scale=256, type='ResizeEdge'),
            dict(crop_size=224, type='CenterCrop'),
            dict(type='PackInputs'),
        ],
        type='CustomDataset'),
    num_workers=5,
    persistent_workers=True,
    pin_memory=True,
    sampler=dict(shuffle=False, type='DefaultSampler'))
test_evaluator = dict(
    topk=(
        1,
        5,
    ), type='Accuracy')
test_pipeline = [
    dict(type='LoadImageFromFile'),
    dict(backend='pillow', edge='short', scale=256, type='ResizeEdge'),
    dict(crop_size=224, type='CenterCrop'),
    dict(type='PackInputs'),
]
train_cfg = dict(by_epoch=True, max_epochs=10, val_interval=1)
train_dataloader = dict(
    batch_size=32,
    collate_fn=dict(type='default_collate'),
    dataset=dict(
        data_root='/content/drive/MyDrive/Oxford_Flowers/data/train_subfolder',
        pipeline=[
            dict(type='LoadImageFromFile'),
            dict(backend='pillow', scale=224, type='RandomResizedCrop'),
            dict(direction='horizontal', prob=0.5, type='RandomFlip'),
            dict(type='PackInputs'),
        ],
        type='CustomDataset'),
    num_workers=5,
    persistent_workers=True,
    pin_memory=True,
    sampler=dict(shuffle=True, type='DefaultSampler'))
train_pipeline = [
    dict(type='LoadImageFromFile'),
    dict(backend='pillow', scale=224, type='RandomResizedCrop'),
    dict(direction='horizontal', prob=0.5, type='RandomFlip'),
    dict(type='PackInputs'),
]
val_cfg = dict()
val_dataloader = dict(
    batch_size=32,
    collate_fn=dict(type='default_collate'),
    dataset=dict(
        data_root='/content/drive/MyDrive/Oxford_Flowers/data/val_subfolder',
        pipeline=[
            dict(type='LoadImageFromFile'),
            dict(backend='pillow', edge='short', scale=256, type='ResizeEdge'),
            dict(crop_size=224, type='CenterCrop'),
            dict(type='PackInputs'),
        ],
        type='CustomDataset'),
    num_workers=5,
    persistent_workers=True,
    pin_memory=True,
    sampler=dict(shuffle=False, type='DefaultSampler'))
val_evaluator = dict(
    topk=(
        1,
        5,
    ), type='Accuracy')
vis_backends = [
    dict(type='LocalVisBackend'),
]
visualizer = dict(
    type='UniversalVisualizer', vis_backends=[
        dict(type='LocalVisBackend'),
    ])
work_dir = './work_dirs/mobilenet-v2_8xb32_in1k'

2024/02/16 19:33:15 - mmengine - INFO - Distributed training is not used, all SyncBatchNorm (SyncBN) layers in the model will be automatically reverted to BatchNormXd layers if they are used.
2024/02/16 19:33:15 - mmengine - INFO - Hooks will be executed in the following order:
before_run:
(VERY_HIGH   ) RuntimeInfoHook                    
(BELOW_NORMAL) LoggerHook                         
 -------------------- 
before_train:
(VERY_HIGH   ) RuntimeInfoHook                    
(NORMAL      ) IterTimerHook                      
(VERY_LOW    ) CheckpointHook                     
 -------------------- 
before_train_epoch:
(VERY_HIGH   ) RuntimeInfoHook                    
(NORMAL      ) IterTimerHook                      
(NORMAL      ) DistSamplerSeedHook                
 -------------------- 
before_train_iter:
(VERY_HIGH   ) RuntimeInfoHook                    
(NORMAL      ) IterTimerHook                      
 -------------------- 
after_train_iter:
(VERY_HIGH   ) RuntimeInfoHook                    
(NORMAL      ) IterTimerHook                      
(BELOW_NORMAL) LoggerHook                         
(LOW         ) ParamSchedulerHook                 
(VERY_LOW    ) CheckpointHook                     
 -------------------- 
after_train_epoch:
(NORMAL      ) IterTimerHook                      
(LOW         ) ParamSchedulerHook                 
(VERY_LOW    ) CheckpointHook                     
 -------------------- 
before_val:
(VERY_HIGH   ) RuntimeInfoHook                    
 -------------------- 
before_val_epoch:
(NORMAL      ) IterTimerHook                      
 -------------------- 
before_val_iter:
(NORMAL      ) IterTimerHook                      
 -------------------- 
after_val_iter:
(NORMAL      ) IterTimerHook                      
(NORMAL      ) VisualizationHook                  
(BELOW_NORMAL) LoggerHook                         
 -------------------- 
after_val_epoch:
(VERY_HIGH   ) RuntimeInfoHook                    
(NORMAL      ) IterTimerHook                      
(BELOW_NORMAL) LoggerHook                         
(LOW         ) ParamSchedulerHook                 
(VERY_LOW    ) CheckpointHook                     
 -------------------- 
after_val:
(VERY_HIGH   ) RuntimeInfoHook                    
 -------------------- 
after_train:
(VERY_HIGH   ) RuntimeInfoHook                    
(VERY_LOW    ) CheckpointHook                     
 -------------------- 
before_test:
(VERY_HIGH   ) RuntimeInfoHook                    
 -------------------- 
before_test_epoch:
(NORMAL      ) IterTimerHook                      
 -------------------- 
before_test_iter:
(NORMAL      ) IterTimerHook                      
 -------------------- 
after_test_iter:
(NORMAL      ) IterTimerHook                      
(NORMAL      ) VisualizationHook                  
(BELOW_NORMAL) LoggerHook                         
 -------------------- 
after_test_epoch:
(VERY_HIGH   ) RuntimeInfoHook                    
(NORMAL      ) IterTimerHook                      
(BELOW_NORMAL) LoggerHook                         
 -------------------- 
after_test:
(VERY_HIGH   ) RuntimeInfoHook                    
 -------------------- 
after_run:
(BELOW_NORMAL) LoggerHook                         
 -------------------- 
Name of parameter - Initialization information

backbone.conv1.conv.weight - torch.Size([32, 3, 3, 3]): 
Initialized by user-defined `init_weights` in ConvModule  

backbone.conv1.bn.weight - torch.Size([32]): 
The value is the same before and after calling `init_weights` of ImageClassifier  

backbone.conv1.bn.bias - torch.Size([32]): 
The value is the same before and after calling `init_weights` of ImageClassifier  

backbone.layer1.0.conv.0.conv.weight - torch.Size([32, 1, 3, 3]): 
KaimingInit: a=0, mode=fan_out, nonlinearity=relu, distribution =normal, bias=0 

backbone.layer1.0.conv.0.bn.weight - torch.Size([32]): 
The value is the same before and after calling `init_weights` of ImageClassifier  

backbone.layer1.0.conv.0.bn.bias - torch.Size([32]): 
The value is the same before and after calling `init_weights` of ImageClassifier  

backbone.layer1.0.conv.1.conv.weight - torch.Size([16, 32, 1, 1]): 
KaimingInit: a=0, mode=fan_out, nonlinearity=relu, distribution =normal, bias=0 

backbone.layer1.0.conv.1.bn.weight - torch.Size([16]): 
The value is the same before and after calling `init_weights` of ImageClassifier  

backbone.layer1.0.conv.1.bn.bias - torch.Size([16]): 
The value is the same before and after calling `init_weights` of ImageClassifier  

backbone.layer2.0.conv.0.conv.weight - torch.Size([96, 16, 1, 1]): 
KaimingInit: a=0, mode=fan_out, nonlinearity=relu, distribution =normal, bias=0 

backbone.layer2.0.conv.0.bn.weight - torch.Size([96]): 
The value is the same before and after calling `init_weights` of ImageClassifier  

backbone.layer2.0.conv.0.bn.bias - torch.Size([96]): 
The value is the same before and after calling `init_weights` of ImageClassifier  

backbone.layer2.0.conv.1.conv.weight - torch.Size([96, 1, 3, 3]): 
KaimingInit: a=0, mode=fan_out, nonlinearity=relu, distribution =normal, bias=0 

backbone.layer2.0.conv.1.bn.weight - torch.Size([96]): 
The value is the same before and after calling `init_weights` of ImageClassifier  

backbone.layer2.0.conv.1.bn.bias - torch.Size([96]): 
The value is the same before and after calling `init_weights` of ImageClassifier  

backbone.layer2.0.conv.2.conv.weight - torch.Size([24, 96, 1, 1]): 
KaimingInit: a=0, mode=fan_out, nonlinearity=relu, distribution =normal, bias=0 

backbone.layer2.0.conv.2.bn.weight - torch.Size([24]): 
The value is the same before and after calling `init_weights` of ImageClassifier  

backbone.layer2.0.conv.2.bn.bias - torch.Size([24]): 
The value is the same before and after calling `init_weights` of ImageClassifier  

backbone.layer2.1.conv.0.conv.weight - torch.Size([144, 24, 1, 1]): 
KaimingInit: a=0, mode=fan_out, nonlinearity=relu, distribution =normal, bias=0 

backbone.layer2.1.conv.0.bn.weight - torch.Size([144]): 
The value is the same before and after calling `init_weights` of ImageClassifier  

backbone.layer2.1.conv.0.bn.bias - torch.Size([144]): 
The value is the same before and after calling `init_weights` of ImageClassifier  

backbone.layer2.1.conv.1.conv.weight - torch.Size([144, 1, 3, 3]): 
KaimingInit: a=0, mode=fan_out, nonlinearity=relu, distribution =normal, bias=0 

backbone.layer2.1.conv.1.bn.weight - torch.Size([144]): 
The value is the same before and after calling `init_weights` of ImageClassifier  

backbone.layer2.1.conv.1.bn.bias - torch.Size([144]): 
The value is the same before and after calling `init_weights` of ImageClassifier  

backbone.layer2.1.conv.2.conv.weight - torch.Size([24, 144, 1, 1]): 
KaimingInit: a=0, mode=fan_out, nonlinearity=relu, distribution =normal, bias=0 

backbone.layer2.1.conv.2.bn.weight - torch.Size([24]): 
The value is the same before and after calling `init_weights` of ImageClassifier  

backbone.layer2.1.conv.2.bn.bias - torch.Size([24]): 
The value is the same before and after calling `init_weights` of ImageClassifier  

backbone.layer3.0.conv.0.conv.weight - torch.Size([144, 24, 1, 1]): 
KaimingInit: a=0, mode=fan_out, nonlinearity=relu, distribution =normal, bias=0 

backbone.layer3.0.conv.0.bn.weight - torch.Size([144]): 
The value is the same before and after calling `init_weights` of ImageClassifier  

backbone.layer3.0.conv.0.bn.bias - torch.Size([144]): 
The value is the same before and after calling `init_weights` of ImageClassifier  

backbone.layer3.0.conv.1.conv.weight - torch.Size([144, 1, 3, 3]): 
KaimingInit: a=0, mode=fan_out, nonlinearity=relu, distribution =normal, bias=0 

backbone.layer3.0.conv.1.bn.weight - torch.Size([144]): 
The value is the same before and after calling `init_weights` of ImageClassifier  

backbone.layer3.0.conv.1.bn.bias - torch.Size([144]): 
The value is the same before and after calling `init_weights` of ImageClassifier  

backbone.layer3.0.conv.2.conv.weight - torch.Size([32, 144, 1, 1]): 
KaimingInit: a=0, mode=fan_out, nonlinearity=relu, distribution =normal, bias=0 

backbone.layer3.0.conv.2.bn.weight - torch.Size([32]): 
The value is the same before and after calling `init_weights` of ImageClassifier  

backbone.layer3.0.conv.2.bn.bias - torch.Size([32]): 
The value is the same before and after calling `init_weights` of ImageClassifier  

backbone.layer3.1.conv.0.conv.weight - torch.Size([192, 32, 1, 1]): 
KaimingInit: a=0, mode=fan_out, nonlinearity=relu, distribution =normal, bias=0 

backbone.layer3.1.conv.0.bn.weight - torch.Size([192]): 
The value is the same before and after calling `init_weights` of ImageClassifier  

backbone.layer3.1.conv.0.bn.bias - torch.Size([192]): 
The value is the same before and after calling `init_weights` of ImageClassifier  

backbone.layer3.1.conv.1.conv.weight - torch.Size([192, 1, 3, 3]): 
KaimingInit: a=0, mode=fan_out, nonlinearity=relu, distribution =normal, bias=0 

backbone.layer3.1.conv.1.bn.weight - torch.Size([192]): 
The value is the same before and after calling `init_weights` of ImageClassifier  

backbone.layer3.1.conv.1.bn.bias - torch.Size([192]): 
The value is the same before and after calling `init_weights` of ImageClassifier  

backbone.layer3.1.conv.2.conv.weight - torch.Size([32, 192, 1, 1]): 
KaimingInit: a=0, mode=fan_out, nonlinearity=relu, distribution =normal, bias=0 

backbone.layer3.1.conv.2.bn.weight - torch.Size([32]): 
The value is the same before and after calling `init_weights` of ImageClassifier  

backbone.layer3.1.conv.2.bn.bias - torch.Size([32]): 
The value is the same before and after calling `init_weights` of ImageClassifier  

backbone.layer3.2.conv.0.conv.weight - torch.Size([192, 32, 1, 1]): 
KaimingInit: a=0, mode=fan_out, nonlinearity=relu, distribution =normal, bias=0 

backbone.layer3.2.conv.0.bn.weight - torch.Size([192]): 
The value is the same before and after calling `init_weights` of ImageClassifier  

backbone.layer3.2.conv.0.bn.bias - torch.Size([192]): 
The value is the same before and after calling `init_weights` of ImageClassifier  

backbone.layer3.2.conv.1.conv.weight - torch.Size([192, 1, 3, 3]): 
KaimingInit: a=0, mode=fan_out, nonlinearity=relu, distribution =normal, bias=0 

backbone.layer3.2.conv.1.bn.weight - torch.Size([192]): 
The value is the same before and after calling `init_weights` of ImageClassifier  

backbone.layer3.2.conv.1.bn.bias - torch.Size([192]): 
The value is the same before and after calling `init_weights` of ImageClassifier  

backbone.layer3.2.conv.2.conv.weight - torch.Size([32, 192, 1, 1]): 
KaimingInit: a=0, mode=fan_out, nonlinearity=relu, distribution =normal, bias=0 

backbone.layer3.2.conv.2.bn.weight - torch.Size([32]): 
The value is the same before and after calling `init_weights` of ImageClassifier  

backbone.layer3.2.conv.2.bn.bias - torch.Size([32]): 
The value is the same before and after calling `init_weights` of ImageClassifier  

backbone.layer4.0.conv.0.conv.weight - torch.Size([192, 32, 1, 1]): 
KaimingInit: a=0, mode=fan_out, nonlinearity=relu, distribution =normal, bias=0 

backbone.layer4.0.conv.0.bn.weight - torch.Size([192]): 
The value is the same before and after calling `init_weights` of ImageClassifier  

backbone.layer4.0.conv.0.bn.bias - torch.Size([192]): 
The value is the same before and after calling `init_weights` of ImageClassifier  

backbone.layer4.0.conv.1.conv.weight - torch.Size([192, 1, 3, 3]): 
KaimingInit: a=0, mode=fan_out, nonlinearity=relu, distribution =normal, bias=0 

backbone.layer4.0.conv.1.bn.weight - torch.Size([192]): 
The value is the same before and after calling `init_weights` of ImageClassifier  

backbone.layer4.0.conv.1.bn.bias - torch.Size([192]): 
The value is the same before and after calling `init_weights` of ImageClassifier  

backbone.layer4.0.conv.2.conv.weight - torch.Size([64, 192, 1, 1]): 
KaimingInit: a=0, mode=fan_out, nonlinearity=relu, distribution =normal, bias=0 

backbone.layer4.0.conv.2.bn.weight - torch.Size([64]): 
The value is the same before and after calling `init_weights` of ImageClassifier  

backbone.layer4.0.conv.2.bn.bias - torch.Size([64]): 
The value is the same before and after calling `init_weights` of ImageClassifier  

backbone.layer4.1.conv.0.conv.weight - torch.Size([384, 64, 1, 1]): 
KaimingInit: a=0, mode=fan_out, nonlinearity=relu, distribution =normal, bias=0 

backbone.layer4.1.conv.0.bn.weight - torch.Size([384]): 
The value is the same before and after calling `init_weights` of ImageClassifier  

backbone.layer4.1.conv.0.bn.bias - torch.Size([384]): 
The value is the same before and after calling `init_weights` of ImageClassifier  

backbone.layer4.1.conv.1.conv.weight - torch.Size([384, 1, 3, 3]): 
KaimingInit: a=0, mode=fan_out, nonlinearity=relu, distribution =normal, bias=0 

backbone.layer4.1.conv.1.bn.weight - torch.Size([384]): 
The value is the same before and after calling `init_weights` of ImageClassifier  

backbone.layer4.1.conv.1.bn.bias - torch.Size([384]): 
The value is the same before and after calling `init_weights` of ImageClassifier  

backbone.layer4.1.conv.2.conv.weight - torch.Size([64, 384, 1, 1]): 
KaimingInit: a=0, mode=fan_out, nonlinearity=relu, distribution =normal, bias=0 

backbone.layer4.1.conv.2.bn.weight - torch.Size([64]): 
The value is the same before and after calling `init_weights` of ImageClassifier  

backbone.layer4.1.conv.2.bn.bias - torch.Size([64]): 
The value is the same before and after calling `init_weights` of ImageClassifier  

backbone.layer4.2.conv.0.conv.weight - torch.Size([384, 64, 1, 1]): 
KaimingInit: a=0, mode=fan_out, nonlinearity=relu, distribution =normal, bias=0 

backbone.layer4.2.conv.0.bn.weight - torch.Size([384]): 
The value is the same before and after calling `init_weights` of ImageClassifier  

backbone.layer4.2.conv.0.bn.bias - torch.Size([384]): 
The value is the same before and after calling `init_weights` of ImageClassifier  

backbone.layer4.2.conv.1.conv.weight - torch.Size([384, 1, 3, 3]): 
KaimingInit: a=0, mode=fan_out, nonlinearity=relu, distribution =normal, bias=0 

backbone.layer4.2.conv.1.bn.weight - torch.Size([384]): 
The value is the same before and after calling `init_weights` of ImageClassifier  

backbone.layer4.2.conv.1.bn.bias - torch.Size([384]): 
The value is the same before and after calling `init_weights` of ImageClassifier  

backbone.layer4.2.conv.2.conv.weight - torch.Size([64, 384, 1, 1]): 
KaimingInit: a=0, mode=fan_out, nonlinearity=relu, distribution =normal, bias=0 

backbone.layer4.2.conv.2.bn.weight - torch.Size([64]): 
The value is the same before and after calling `init_weights` of ImageClassifier  

backbone.layer4.2.conv.2.bn.bias - torch.Size([64]): 
The value is the same before and after calling `init_weights` of ImageClassifier  

backbone.layer4.3.conv.0.conv.weight - torch.Size([384, 64, 1, 1]): 
KaimingInit: a=0, mode=fan_out, nonlinearity=relu, distribution =normal, bias=0 

backbone.layer4.3.conv.0.bn.weight - torch.Size([384]): 
The value is the same before and after calling `init_weights` of ImageClassifier  

backbone.layer4.3.conv.0.bn.bias - torch.Size([384]): 
The value is the same before and after calling `init_weights` of ImageClassifier  

backbone.layer4.3.conv.1.conv.weight - torch.Size([384, 1, 3, 3]): 
KaimingInit: a=0, mode=fan_out, nonlinearity=relu, distribution =normal, bias=0 

backbone.layer4.3.conv.1.bn.weight - torch.Size([384]): 
The value is the same before and after calling `init_weights` of ImageClassifier  

backbone.layer4.3.conv.1.bn.bias - torch.Size([384]): 
The value is the same before and after calling `init_weights` of ImageClassifier  

backbone.layer4.3.conv.2.conv.weight - torch.Size([64, 384, 1, 1]): 
KaimingInit: a=0, mode=fan_out, nonlinearity=relu, distribution =normal, bias=0 

backbone.layer4.3.conv.2.bn.weight - torch.Size([64]): 
The value is the same before and after calling `init_weights` of ImageClassifier  

backbone.layer4.3.conv.2.bn.bias - torch.Size([64]): 
The value is the same before and after calling `init_weights` of ImageClassifier  

backbone.layer5.0.conv.0.conv.weight - torch.Size([384, 64, 1, 1]): 
KaimingInit: a=0, mode=fan_out, nonlinearity=relu, distribution =normal, bias=0 

backbone.layer5.0.conv.0.bn.weight - torch.Size([384]): 
The value is the same before and after calling `init_weights` of ImageClassifier  

backbone.layer5.0.conv.0.bn.bias - torch.Size([384]): 
The value is the same before and after calling `init_weights` of ImageClassifier  

backbone.layer5.0.conv.1.conv.weight - torch.Size([384, 1, 3, 3]): 
KaimingInit: a=0, mode=fan_out, nonlinearity=relu, distribution =normal, bias=0 

backbone.layer5.0.conv.1.bn.weight - torch.Size([384]): 
The value is the same before and after calling `init_weights` of ImageClassifier  

backbone.layer5.0.conv.1.bn.bias - torch.Size([384]): 
The value is the same before and after calling `init_weights` of ImageClassifier  

backbone.layer5.0.conv.2.conv.weight - torch.Size([96, 384, 1, 1]): 
KaimingInit: a=0, mode=fan_out, nonlinearity=relu, distribution =normal, bias=0 

backbone.layer5.0.conv.2.bn.weight - torch.Size([96]): 
The value is the same before and after calling `init_weights` of ImageClassifier  

backbone.layer5.0.conv.2.bn.bias - torch.Size([96]): 
The value is the same before and after calling `init_weights` of ImageClassifier  

backbone.layer5.1.conv.0.conv.weight - torch.Size([576, 96, 1, 1]): 
KaimingInit: a=0, mode=fan_out, nonlinearity=relu, distribution =normal, bias=0 

backbone.layer5.1.conv.0.bn.weight - torch.Size([576]): 
The value is the same before and after calling `init_weights` of ImageClassifier  

backbone.layer5.1.conv.0.bn.bias - torch.Size([576]): 
The value is the same before and after calling `init_weights` of ImageClassifier  

backbone.layer5.1.conv.1.conv.weight - torch.Size([576, 1, 3, 3]): 
KaimingInit: a=0, mode=fan_out, nonlinearity=relu, distribution =normal, bias=0 

backbone.layer5.1.conv.1.bn.weight - torch.Size([576]): 
The value is the same before and after calling `init_weights` of ImageClassifier  

backbone.layer5.1.conv.1.bn.bias - torch.Size([576]): 
The value is the same before and after calling `init_weights` of ImageClassifier  

backbone.layer5.1.conv.2.conv.weight - torch.Size([96, 576, 1, 1]): 
KaimingInit: a=0, mode=fan_out, nonlinearity=relu, distribution =normal, bias=0 

backbone.layer5.1.conv.2.bn.weight - torch.Size([96]): 
The value is the same before and after calling `init_weights` of ImageClassifier  

backbone.layer5.1.conv.2.bn.bias - torch.Size([96]): 
The value is the same before and after calling `init_weights` of ImageClassifier  

backbone.layer5.2.conv.0.conv.weight - torch.Size([576, 96, 1, 1]): 
KaimingInit: a=0, mode=fan_out, nonlinearity=relu, distribution =normal, bias=0 

backbone.layer5.2.conv.0.bn.weight - torch.Size([576]): 
The value is the same before and after calling `init_weights` of ImageClassifier  

backbone.layer5.2.conv.0.bn.bias - torch.Size([576]): 
The value is the same before and after calling `init_weights` of ImageClassifier  

backbone.layer5.2.conv.1.conv.weight - torch.Size([576, 1, 3, 3]): 
KaimingInit: a=0, mode=fan_out, nonlinearity=relu, distribution =normal, bias=0 

backbone.layer5.2.conv.1.bn.weight - torch.Size([576]): 
The value is the same before and after calling `init_weights` of ImageClassifier  

backbone.layer5.2.conv.1.bn.bias - torch.Size([576]): 
The value is the same before and after calling `init_weights` of ImageClassifier  

backbone.layer5.2.conv.2.conv.weight - torch.Size([96, 576, 1, 1]): 
KaimingInit: a=0, mode=fan_out, nonlinearity=relu, distribution =normal, bias=0 

backbone.layer5.2.conv.2.bn.weight - torch.Size([96]): 
The value is the same before and after calling `init_weights` of ImageClassifier  

backbone.layer5.2.conv.2.bn.bias - torch.Size([96]): 
The value is the same before and after calling `init_weights` of ImageClassifier  

backbone.layer6.0.conv.0.conv.weight - torch.Size([576, 96, 1, 1]): 
KaimingInit: a=0, mode=fan_out, nonlinearity=relu, distribution =normal, bias=0 

backbone.layer6.0.conv.0.bn.weight - torch.Size([576]): 
The value is the same before and after calling `init_weights` of ImageClassifier  

backbone.layer6.0.conv.0.bn.bias - torch.Size([576]): 
The value is the same before and after calling `init_weights` of ImageClassifier  

backbone.layer6.0.conv.1.conv.weight - torch.Size([576, 1, 3, 3]): 
KaimingInit: a=0, mode=fan_out, nonlinearity=relu, distribution =normal, bias=0 

backbone.layer6.0.conv.1.bn.weight - torch.Size([576]): 
The value is the same before and after calling `init_weights` of ImageClassifier  

backbone.layer6.0.conv.1.bn.bias - torch.Size([576]): 
The value is the same before and after calling `init_weights` of ImageClassifier  

backbone.layer6.0.conv.2.conv.weight - torch.Size([160, 576, 1, 1]): 
KaimingInit: a=0, mode=fan_out, nonlinearity=relu, distribution =normal, bias=0 

backbone.layer6.0.conv.2.bn.weight - torch.Size([160]): 
The value is the same before and after calling `init_weights` of ImageClassifier  

backbone.layer6.0.conv.2.bn.bias - torch.Size([160]): 
The value is the same before and after calling `init_weights` of ImageClassifier  

backbone.layer6.1.conv.0.conv.weight - torch.Size([960, 160, 1, 1]): 
KaimingInit: a=0, mode=fan_out, nonlinearity=relu, distribution =normal, bias=0 

backbone.layer6.1.conv.0.bn.weight - torch.Size([960]): 
The value is the same before and after calling `init_weights` of ImageClassifier  

backbone.layer6.1.conv.0.bn.bias - torch.Size([960]): 
The value is the same before and after calling `init_weights` of ImageClassifier  

backbone.layer6.1.conv.1.conv.weight - torch.Size([960, 1, 3, 3]): 
KaimingInit: a=0, mode=fan_out, nonlinearity=relu, distribution =normal, bias=0 

backbone.layer6.1.conv.1.bn.weight - torch.Size([960]): 
The value is the same before and after calling `init_weights` of ImageClassifier  

backbone.layer6.1.conv.1.bn.bias - torch.Size([960]): 
The value is the same before and after calling `init_weights` of ImageClassifier  

backbone.layer6.1.conv.2.conv.weight - torch.Size([160, 960, 1, 1]): 
KaimingInit: a=0, mode=fan_out, nonlinearity=relu, distribution =normal, bias=0 

backbone.layer6.1.conv.2.bn.weight - torch.Size([160]): 
The value is the same before and after calling `init_weights` of ImageClassifier  

backbone.layer6.1.conv.2.bn.bias - torch.Size([160]): 
The value is the same before and after calling `init_weights` of ImageClassifier  

backbone.layer6.2.conv.0.conv.weight - torch.Size([960, 160, 1, 1]): 
KaimingInit: a=0, mode=fan_out, nonlinearity=relu, distribution =normal, bias=0 

backbone.layer6.2.conv.0.bn.weight - torch.Size([960]): 
The value is the same before and after calling `init_weights` of ImageClassifier  

backbone.layer6.2.conv.0.bn.bias - torch.Size([960]): 
The value is the same before and after calling `init_weights` of ImageClassifier  

backbone.layer6.2.conv.1.conv.weight - torch.Size([960, 1, 3, 3]): 
KaimingInit: a=0, mode=fan_out, nonlinearity=relu, distribution =normal, bias=0 

backbone.layer6.2.conv.1.bn.weight - torch.Size([960]): 
The value is the same before and after calling `init_weights` of ImageClassifier  

backbone.layer6.2.conv.1.bn.bias - torch.Size([960]): 
The value is the same before and after calling `init_weights` of ImageClassifier  

backbone.layer6.2.conv.2.conv.weight - torch.Size([160, 960, 1, 1]): 
KaimingInit: a=0, mode=fan_out, nonlinearity=relu, distribution =normal, bias=0 

backbone.layer6.2.conv.2.bn.weight - torch.Size([160]): 
The value is the same before and after calling `init_weights` of ImageClassifier  

backbone.layer6.2.conv.2.bn.bias - torch.Size([160]): 
The value is the same before and after calling `init_weights` of ImageClassifier  

backbone.layer7.0.conv.0.conv.weight - torch.Size([960, 160, 1, 1]): 
KaimingInit: a=0, mode=fan_out, nonlinearity=relu, distribution =normal, bias=0 

backbone.layer7.0.conv.0.bn.weight - torch.Size([960]): 
The value is the same before and after calling `init_weights` of ImageClassifier  

backbone.layer7.0.conv.0.bn.bias - torch.Size([960]): 
The value is the same before and after calling `init_weights` of ImageClassifier  

backbone.layer7.0.conv.1.conv.weight - torch.Size([960, 1, 3, 3]): 
KaimingInit: a=0, mode=fan_out, nonlinearity=relu, distribution =normal, bias=0 

backbone.layer7.0.conv.1.bn.weight - torch.Size([960]): 
The value is the same before and after calling `init_weights` of ImageClassifier  

backbone.layer7.0.conv.1.bn.bias - torch.Size([960]): 
The value is the same before and after calling `init_weights` of ImageClassifier  

backbone.layer7.0.conv.2.conv.weight - torch.Size([320, 960, 1, 1]): 
KaimingInit: a=0, mode=fan_out, nonlinearity=relu, distribution =normal, bias=0 

backbone.layer7.0.conv.2.bn.weight - torch.Size([320]): 
The value is the same before and after calling `init_weights` of ImageClassifier  

backbone.layer7.0.conv.2.bn.bias - torch.Size([320]): 
The value is the same before and after calling `init_weights` of ImageClassifier  

backbone.conv2.conv.weight - torch.Size([1280, 320, 1, 1]): 
Initialized by user-defined `init_weights` in ConvModule  

backbone.conv2.bn.weight - torch.Size([1280]): 
The value is the same before and after calling `init_weights` of ImageClassifier  

backbone.conv2.bn.bias - torch.Size([1280]): 
The value is the same before and after calling `init_weights` of ImageClassifier  

head.fc.weight - torch.Size([17, 1280]): 
NormalInit: mean=0, std=0.01, bias=0 

head.fc.bias - torch.Size([17]): 
NormalInit: mean=0, std=0.01, bias=0 
2024/02/16 19:33:17 - mmengine - WARNING - "FileClient" will be deprecated in future. Please use io functions in https://mmengine.readthedocs.io/en/latest/api/fileio.html#file-io
2024/02/16 19:33:17 - mmengine - WARNING - "HardDiskBackend" is the alias of "LocalBackend" and the former will be deprecated in future.
2024/02/16 19:33:17 - mmengine - INFO - Checkpoints will be saved to /content/work_dirs/mobilenet-v2_8xb32_in1k.
2024/02/16 19:34:29 - mmengine - INFO - Exp name: mobilenet-v2_8xb32_in1k_20240216_193314
2024/02/16 19:34:29 - mmengine - INFO - Epoch(train)  [1][34/34]  lr: 1.0000e-01  eta: 0:10:51  time: 1.9231  data_time: 0.0142  loss: 4.1728
2024/02/16 19:34:29 - mmengine - INFO - Saving checkpoint at 1 epochs
2024/02/16 19:34:37 - mmengine - INFO - Epoch(val) [1][9/9]    accuracy/top1: 5.5147  accuracy/top5: 24.6324  data_time: 0.0911  time: 0.8574
2024/02/16 19:35:49 - mmengine - INFO - Exp name: mobilenet-v2_8xb32_in1k_20240216_193314
2024/02/16 19:35:49 - mmengine - INFO - Epoch(train)  [2][34/34]  lr: 1.0000e-01  eta: 0:09:37  time: 1.9332  data_time: 0.0336  loss: 2.5227
2024/02/16 19:35:49 - mmengine - INFO - Saving checkpoint at 2 epochs
2024/02/16 19:35:56 - mmengine - INFO - Epoch(val) [2][9/9]    accuracy/top1: 12.5000  accuracy/top5: 66.9118  data_time: 0.0575  time: 0.7568
2024/02/16 19:37:09 - mmengine - INFO - Exp name: mobilenet-v2_8xb32_in1k_20240216_193314
2024/02/16 19:37:09 - mmengine - INFO - Epoch(train)  [3][34/34]  lr: 1.0000e-01  eta: 0:08:24  time: 2.0029  data_time: 0.0338  loss: 2.3672
2024/02/16 19:37:09 - mmengine - INFO - Saving checkpoint at 3 epochs
2024/02/16 19:37:16 - mmengine - INFO - Epoch(val) [3][9/9]    accuracy/top1: 21.6912  accuracy/top5: 69.8529  data_time: 0.0649  time: 0.7177
2024/02/16 19:38:28 - mmengine - INFO - Exp name: mobilenet-v2_8xb32_in1k_20240216_193314
2024/02/16 19:38:28 - mmengine - INFO - Epoch(train)  [4][34/34]  lr: 1.0000e-01  eta: 0:07:13  time: 2.0390  data_time: 0.0324  loss: 2.0842
2024/02/16 19:38:28 - mmengine - INFO - Saving checkpoint at 4 epochs
2024/02/16 19:38:35 - mmengine - INFO - Epoch(val) [4][9/9]    accuracy/top1: 35.2941  accuracy/top5: 79.4118  data_time: 0.0662  time: 0.7035
2024/02/16 19:39:47 - mmengine - INFO - Exp name: mobilenet-v2_8xb32_in1k_20240216_193314
2024/02/16 19:39:47 - mmengine - INFO - Epoch(train)  [5][34/34]  lr: 1.0000e-01  eta: 0:06:00  time: 1.9812  data_time: 0.0363  loss: 2.1175
2024/02/16 19:39:47 - mmengine - INFO - Saving checkpoint at 5 epochs
2024/02/16 19:39:54 - mmengine - INFO - Epoch(val) [5][9/9]    accuracy/top1: 29.0441  accuracy/top5: 80.5147  data_time: 0.0644  time: 0.7076
2024/02/16 19:41:06 - mmengine - INFO - Exp name: mobilenet-v2_8xb32_in1k_20240216_193314
2024/02/16 19:41:06 - mmengine - INFO - Epoch(train)  [6][34/34]  lr: 1.0000e-01  eta: 0:04:48  time: 2.0043  data_time: 0.0358  loss: 2.0234
2024/02/16 19:41:06 - mmengine - INFO - Saving checkpoint at 6 epochs
2024/02/16 19:41:12 - mmengine - INFO - Epoch(val) [6][9/9]    accuracy/top1: 38.2353  accuracy/top5: 81.2500  data_time: 0.0628  time: 0.6974
2024/02/16 19:42:24 - mmengine - INFO - Exp name: mobilenet-v2_8xb32_in1k_20240216_193314
2024/02/16 19:42:24 - mmengine - INFO - Epoch(train)  [7][34/34]  lr: 1.0000e-01  eta: 0:03:35  time: 1.9316  data_time: 0.0354  loss: 2.0234
2024/02/16 19:42:24 - mmengine - INFO - Saving checkpoint at 7 epochs
2024/02/16 19:42:31 - mmengine - INFO - Epoch(val) [7][9/9]    accuracy/top1: 35.2941  accuracy/top5: 88.9706  data_time: 0.0617  time: 0.6968
2024/02/16 19:43:49 - mmengine - INFO - Exp name: mobilenet-v2_8xb32_in1k_20240216_193314
2024/02/16 19:43:49 - mmengine - INFO - Epoch(train)  [8][34/34]  lr: 1.0000e-01  eta: 0:02:25  time: 1.9828  data_time: 0.0324  loss: 1.8389
2024/02/16 19:43:49 - mmengine - INFO - Saving checkpoint at 8 epochs
2024/02/16 19:43:57 - mmengine - INFO - Epoch(val) [8][9/9]    accuracy/top1: 32.7206  accuracy/top5: 77.5735  data_time: 0.0622  time: 0.7475
2024/02/16 19:45:08 - mmengine - INFO - Exp name: mobilenet-v2_8xb32_in1k_20240216_193314
2024/02/16 19:45:08 - mmengine - INFO - Epoch(train)  [9][34/34]  lr: 1.0000e-01  eta: 0:01:12  time: 1.9543  data_time: 0.0333  loss: 1.7354
2024/02/16 19:45:08 - mmengine - INFO - Saving checkpoint at 9 epochs
2024/02/16 19:45:15 - mmengine - INFO - Epoch(val) [9][9/9]    accuracy/top1: 38.6029  accuracy/top5: 83.4559  data_time: 0.0622  time: 0.7533
2024/02/16 19:46:27 - mmengine - INFO - Exp name: mobilenet-v2_8xb32_in1k_20240216_193314
2024/02/16 19:46:27 - mmengine - INFO - Epoch(train) [10][34/34]  lr: 1.0000e-01  eta: 0:00:00  time: 2.0247  data_time: 0.0341  loss: 1.7705
2024/02/16 19:46:27 - mmengine - INFO - Saving checkpoint at 10 epochs
2024/02/16 19:46:34 - mmengine - INFO - Epoch(val) [10][9/9]    accuracy/top1: 44.8529  accuracy/top5: 89.7059  data_time: 0.0659  time: 0.7035
